Analysis & Synthesis report for DE10_LITE_FSM
Wed Dec 11 12:09:29 2024
Quartus Prime Version 23.1std.0 Build 991 11/28/2023 SC Lite Edition


---------------------
; Table of Contents ;
---------------------
  1. Legal Notice
  2. Analysis & Synthesis Summary
  3. Analysis & Synthesis Settings
  4. Parallel Compilation
  5. Analysis & Synthesis Source Files Read
  6. Analysis & Synthesis Resource Usage Summary
  7. Analysis & Synthesis Resource Utilization by Entity
  8. State Machine - |DE10_LITE_FSM|FSM:FSM|state
  9. User-Specified and Inferred Latches
 10. General Register Statistics
 11. Port Connectivity Checks: "hex27seg:display5"
 12. Port Connectivity Checks: "hex27seg:display4"
 13. Port Connectivity Checks: "hex27seg:display3"
 14. Port Connectivity Checks: "hex27seg:display2"
 15. Port Connectivity Checks: "hex27seg:display1"
 16. Post-Synthesis Netlist Statistics for Top Partition
 17. Elapsed Time Per Partition
 18. Analysis & Synthesis Messages



----------------
; Legal Notice ;
----------------
Copyright (C) 2023  Intel Corporation. All rights reserved.
Your use of Intel Corporation's design tools, logic functions 
and other software and tools, and any partner logic 
functions, and any output files from any of the foregoing 
(including device programming or simulation files), and any 
associated documentation or information are expressly subject 
to the terms and conditions of the Intel Program License 
Subscription Agreement, the Intel Quartus Prime License Agreement,
the Intel FPGA IP License Agreement, or other applicable license
agreement, including, without limitation, that your use is for
the sole purpose of programming logic devices manufactured by
Intel and sold by Intel or its authorized distributors.  Please
refer to the applicable agreement for further details, at
https://fpgasoftware.intel.com/eula.



+-------------------------------------------------------------------------------------+
; Analysis & Synthesis Summary                                                        ;
+------------------------------------+------------------------------------------------+
; Analysis & Synthesis Status        ; Successful - Wed Dec 11 12:09:29 2024          ;
; Quartus Prime Version              ; 23.1std.0 Build 991 11/28/2023 SC Lite Edition ;
; Revision Name                      ; DE10_LITE_FSM                                  ;
; Top-level Entity Name              ; DE10_LITE_FSM                                  ;
; Family                             ; MAX 10                                         ;
; Total logic elements               ; 57                                             ;
;     Total combinational functions  ; 56                                             ;
;     Dedicated logic registers      ; 10                                             ;
; Total registers                    ; 10                                             ;
; Total pins                         ; 62                                             ;
; Total virtual pins                 ; 0                                              ;
; Total memory bits                  ; 0                                              ;
; Embedded Multiplier 9-bit elements ; 0                                              ;
; Total PLLs                         ; 0                                              ;
; UFM blocks                         ; 0                                              ;
; ADC blocks                         ; 0                                              ;
+------------------------------------+------------------------------------------------+


+------------------------------------------------------------------------------------------------------------+
; Analysis & Synthesis Settings                                                                              ;
+------------------------------------------------------------------+--------------------+--------------------+
; Option                                                           ; Setting            ; Default Value      ;
+------------------------------------------------------------------+--------------------+--------------------+
; Device                                                           ; 10M50DAF484C7G     ;                    ;
; Top-level entity name                                            ; DE10_LITE_FSM      ; DE10_LITE_FSM      ;
; Family name                                                      ; MAX 10             ; Cyclone V          ;
; Use smart compilation                                            ; Off                ; Off                ;
; Enable parallel Assembler and Timing Analyzer during compilation ; On                 ; On                 ;
; Enable compact report table                                      ; Off                ; Off                ;
; Restructure Multiplexers                                         ; Auto               ; Auto               ;
; Create Debugging Nodes for IP Cores                              ; Off                ; Off                ;
; Preserve fewer node names                                        ; On                 ; On                 ;
; Intel FPGA IP Evaluation Mode                                    ; Enable             ; Enable             ;
; Verilog Version                                                  ; Verilog_2001       ; Verilog_2001       ;
; VHDL Version                                                     ; VHDL_1993          ; VHDL_1993          ;
; State Machine Processing                                         ; Auto               ; Auto               ;
; Safe State Machine                                               ; Off                ; Off                ;
; Extract Verilog State Machines                                   ; On                 ; On                 ;
; Extract VHDL State Machines                                      ; On                 ; On                 ;
; Ignore Verilog initial constructs                                ; Off                ; Off                ;
; Iteration limit for constant Verilog loops                       ; 5000               ; 5000               ;
; Iteration limit for non-constant Verilog loops                   ; 250                ; 250                ;
; Add Pass-Through Logic to Inferred RAMs                          ; On                 ; On                 ;
; Infer RAMs from Raw Logic                                        ; On                 ; On                 ;
; Parallel Synthesis                                               ; On                 ; On                 ;
; DSP Block Balancing                                              ; Auto               ; Auto               ;
; NOT Gate Push-Back                                               ; On                 ; On                 ;
; Power-Up Don't Care                                              ; On                 ; On                 ;
; Remove Redundant Logic Cells                                     ; Off                ; Off                ;
; Remove Duplicate Registers                                       ; On                 ; On                 ;
; Ignore CARRY Buffers                                             ; Off                ; Off                ;
; Ignore CASCADE Buffers                                           ; Off                ; Off                ;
; Ignore GLOBAL Buffers                                            ; Off                ; Off                ;
; Ignore ROW GLOBAL Buffers                                        ; Off                ; Off                ;
; Ignore LCELL Buffers                                             ; Off                ; Off                ;
; Ignore SOFT Buffers                                              ; On                 ; On                 ;
; Limit AHDL Integers to 32 Bits                                   ; Off                ; Off                ;
; Optimization Technique                                           ; Balanced           ; Balanced           ;
; Carry Chain Length                                               ; 70                 ; 70                 ;
; Auto Carry Chains                                                ; On                 ; On                 ;
; Auto Open-Drain Pins                                             ; On                 ; On                 ;
; Perform WYSIWYG Primitive Resynthesis                            ; Off                ; Off                ;
; Auto ROM Replacement                                             ; On                 ; On                 ;
; Auto RAM Replacement                                             ; On                 ; On                 ;
; Auto DSP Block Replacement                                       ; On                 ; On                 ;
; Auto Shift Register Replacement                                  ; Auto               ; Auto               ;
; Allow Shift Register Merging across Hierarchies                  ; Auto               ; Auto               ;
; Auto Clock Enable Replacement                                    ; On                 ; On                 ;
; Strict RAM Replacement                                           ; Off                ; Off                ;
; Allow Synchronous Control Signals                                ; On                 ; On                 ;
; Force Use of Synchronous Clear Signals                           ; Off                ; Off                ;
; Auto RAM Block Balancing                                         ; On                 ; On                 ;
; Auto RAM to Logic Cell Conversion                                ; Off                ; Off                ;
; Auto Resource Sharing                                            ; Off                ; Off                ;
; Allow Any RAM Size For Recognition                               ; Off                ; Off                ;
; Allow Any ROM Size For Recognition                               ; Off                ; Off                ;
; Allow Any Shift Register Size For Recognition                    ; Off                ; Off                ;
; Use LogicLock Constraints during Resource Balancing              ; On                 ; On                 ;
; Ignore translate_off and synthesis_off directives                ; Off                ; Off                ;
; Timing-Driven Synthesis                                          ; On                 ; On                 ;
; Report Parameter Settings                                        ; On                 ; On                 ;
; Report Source Assignments                                        ; On                 ; On                 ;
; Report Connectivity Checks                                       ; On                 ; On                 ;
; Ignore Maximum Fan-Out Assignments                               ; Off                ; Off                ;
; Synchronization Register Chain Length                            ; 2                  ; 2                  ;
; Power Optimization During Synthesis                              ; Normal compilation ; Normal compilation ;
; HDL message level                                                ; Level2             ; Level2             ;
; Suppress Register Optimization Related Messages                  ; Off                ; Off                ;
; Number of Removed Registers Reported in Synthesis Report         ; 5000               ; 5000               ;
; Number of Swept Nodes Reported in Synthesis Report               ; 5000               ; 5000               ;
; Number of Inverted Registers Reported in Synthesis Report        ; 100                ; 100                ;
; Clock MUX Protection                                             ; On                 ; On                 ;
; Auto Gated Clock Conversion                                      ; Off                ; Off                ;
; Block Design Naming                                              ; Auto               ; Auto               ;
; SDC constraint protection                                        ; Off                ; Off                ;
; Synthesis Effort                                                 ; Auto               ; Auto               ;
; Shift Register Replacement - Allow Asynchronous Clear Signal     ; On                 ; On                 ;
; Pre-Mapping Resynthesis Optimization                             ; Off                ; Off                ;
; Analysis & Synthesis Message Level                               ; Medium             ; Medium             ;
; Disable Register Merging Across Hierarchies                      ; Auto               ; Auto               ;
; Resource Aware Inference For Block RAM                           ; On                 ; On                 ;
+------------------------------------------------------------------+--------------------+--------------------+


+------------------------------------------+
; Parallel Compilation                     ;
+----------------------------+-------------+
; Processors                 ; Number      ;
+----------------------------+-------------+
; Number detected on machine ; 12          ;
; Maximum allowed            ; 12          ;
;                            ;             ;
; Average used               ; 1.00        ;
; Maximum used               ; 12          ;
;                            ;             ;
; Usage by Processor         ; % Time Used ;
;     Processor 1            ; 100.0%      ;
;     Processors 2-12        ;   0.0%      ;
+----------------------------+-------------+


+-----------------------------------------------------------------------------------------------------------------------------------------------------------------------------------------------------+
; Analysis & Synthesis Source Files Read                                                                                                                                                              ;
+----------------------------------+-----------------+-----------------+--------------------------------------------------------------------------------------------------------------------+---------+
; File Name with User-Entered Path ; Used in Netlist ; File Type       ; File Name with Absolute Path                                                                                       ; Library ;
+----------------------------------+-----------------+-----------------+--------------------------------------------------------------------------------------------------------------------+---------+
; ../src/FSM.vhd                   ; yes             ; User VHDL File  ; C:/Users/VITOR/Documents/Eng_Comp/4_semestre/Lab_Sistemas_digitais/Aulas/Exp11/DE10_LITE_FSM/src/FSM.vhd           ;         ;
; ../src/DE10_LITE_FSM.vhd         ; yes             ; User VHDL File  ; C:/Users/VITOR/Documents/Eng_Comp/4_semestre/Lab_Sistemas_digitais/Aulas/Exp11/DE10_LITE_FSM/src/DE10_LITE_FSM.vhd ;         ;
; ../src/hex27seg.vhd              ; yes             ; User VHDL File  ; C:/Users/VITOR/Documents/Eng_Comp/4_semestre/Lab_Sistemas_digitais/Aulas/Exp11/DE10_LITE_FSM/src/hex27seg.vhd      ;         ;
+----------------------------------+-----------------+-----------------+--------------------------------------------------------------------------------------------------------------------+---------+


+------------------------------------------------------------+
; Analysis & Synthesis Resource Usage Summary                ;
+---------------------------------------------+--------------+
; Resource                                    ; Usage        ;
+---------------------------------------------+--------------+
; Estimated Total logic elements              ; 57           ;
;                                             ;              ;
; Total combinational functions               ; 56           ;
; Logic element usage by number of LUT inputs ;              ;
;     -- 4 input functions                    ; 8            ;
;     -- 3 input functions                    ; 26           ;
;     -- <=2 input functions                  ; 22           ;
;                                             ;              ;
; Logic elements by mode                      ;              ;
;     -- normal mode                          ; 56           ;
;     -- arithmetic mode                      ; 0            ;
;                                             ;              ;
; Total registers                             ; 10           ;
;     -- Dedicated logic registers            ; 10           ;
;     -- I/O registers                        ; 0            ;
;                                             ;              ;
; I/O pins                                    ; 62           ;
;                                             ;              ;
; Embedded Multiplier 9-bit elements          ; 0            ;
;                                             ;              ;
; Maximum fan-out node                        ; KEY[0]~input ;
; Maximum fan-out                             ; 10           ;
; Total fan-out                               ; 280          ;
; Average fan-out                             ; 1.47         ;
+---------------------------------------------+--------------+


+---------------------------------------------------------------------------------------------------------------------------------------------------------------------------------------------------------------------------------------------------+
; Analysis & Synthesis Resource Utilization by Entity                                                                                                                                                                                               ;
+----------------------------+---------------------+---------------------------+-------------+------------+--------------+---------+-----------+------+--------------+------------+----------------------------------+---------------+--------------+
; Compilation Hierarchy Node ; Combinational ALUTs ; Dedicated Logic Registers ; Memory Bits ; UFM Blocks ; DSP Elements ; DSP 9x9 ; DSP 18x18 ; Pins ; Virtual Pins ; ADC blocks ; Full Hierarchy Name              ; Entity Name   ; Library Name ;
+----------------------------+---------------------+---------------------------+-------------+------------+--------------+---------+-----------+------+--------------+------------+----------------------------------+---------------+--------------+
; |DE10_LITE_FSM             ; 56 (0)              ; 10 (0)                    ; 0           ; 0          ; 0            ; 0       ; 0         ; 62   ; 0            ; 0          ; |DE10_LITE_FSM                   ; DE10_LITE_FSM ; work         ;
;    |FSM:FSM|               ; 37 (37)             ; 10 (10)                   ; 0           ; 0          ; 0            ; 0       ; 0         ; 0    ; 0            ; 0          ; |DE10_LITE_FSM|FSM:FSM           ; FSM           ; work         ;
;    |hex27seg:display1|     ; 3 (3)               ; 0 (0)                     ; 0           ; 0          ; 0            ; 0       ; 0         ; 0    ; 0            ; 0          ; |DE10_LITE_FSM|hex27seg:display1 ; hex27seg      ; work         ;
;    |hex27seg:display2|     ; 7 (7)               ; 0 (0)                     ; 0           ; 0          ; 0            ; 0       ; 0         ; 0    ; 0            ; 0          ; |DE10_LITE_FSM|hex27seg:display2 ; hex27seg      ; work         ;
;    |hex27seg:display3|     ; 3 (3)               ; 0 (0)                     ; 0           ; 0          ; 0            ; 0       ; 0         ; 0    ; 0            ; 0          ; |DE10_LITE_FSM|hex27seg:display3 ; hex27seg      ; work         ;
;    |hex27seg:display4|     ; 3 (3)               ; 0 (0)                     ; 0           ; 0          ; 0            ; 0       ; 0         ; 0    ; 0            ; 0          ; |DE10_LITE_FSM|hex27seg:display4 ; hex27seg      ; work         ;
;    |hex27seg:display5|     ; 3 (3)               ; 0 (0)                     ; 0           ; 0          ; 0            ; 0       ; 0         ; 0    ; 0            ; 0          ; |DE10_LITE_FSM|hex27seg:display5 ; hex27seg      ; work         ;
+----------------------------+---------------------+---------------------------+-------------+------------+--------------+---------+-----------+------+--------------+------------+----------------------------------+---------------+--------------+
Note: For table entries with two numbers listed, the numbers in parentheses indicate the number of resources of the given type used by the specific entity alone. The numbers listed outside of parentheses indicate the total resources of the given type used by the specific entity and all of its sub-entities in the hierarchy.


Encoding Type:  One-Hot
+------------------------------------------------------------------------------------------------------------------------+
; State Machine - |DE10_LITE_FSM|FSM:FSM|state                                                                           ;
+----------+----------+----------+----------+----------+----------+----------+----------+----------+----------+----------+
; Name     ; state.s9 ; state.s8 ; state.s7 ; state.s6 ; state.s5 ; state.s4 ; state.s3 ; state.s2 ; state.s1 ; state.s0 ;
+----------+----------+----------+----------+----------+----------+----------+----------+----------+----------+----------+
; state.s0 ; 0        ; 0        ; 0        ; 0        ; 0        ; 0        ; 0        ; 0        ; 0        ; 0        ;
; state.s1 ; 0        ; 0        ; 0        ; 0        ; 0        ; 0        ; 0        ; 0        ; 1        ; 1        ;
; state.s2 ; 0        ; 0        ; 0        ; 0        ; 0        ; 0        ; 0        ; 1        ; 0        ; 1        ;
; state.s3 ; 0        ; 0        ; 0        ; 0        ; 0        ; 0        ; 1        ; 0        ; 0        ; 1        ;
; state.s4 ; 0        ; 0        ; 0        ; 0        ; 0        ; 1        ; 0        ; 0        ; 0        ; 1        ;
; state.s5 ; 0        ; 0        ; 0        ; 0        ; 1        ; 0        ; 0        ; 0        ; 0        ; 1        ;
; state.s6 ; 0        ; 0        ; 0        ; 1        ; 0        ; 0        ; 0        ; 0        ; 0        ; 1        ;
; state.s7 ; 0        ; 0        ; 1        ; 0        ; 0        ; 0        ; 0        ; 0        ; 0        ; 1        ;
; state.s8 ; 0        ; 1        ; 0        ; 0        ; 0        ; 0        ; 0        ; 0        ; 0        ; 1        ;
; state.s9 ; 1        ; 0        ; 0        ; 0        ; 0        ; 0        ; 0        ; 0        ; 0        ; 1        ;
+----------+----------+----------+----------+----------+----------+----------+----------+----------+----------+----------+


+----------------------------------------------------------------------------------------------------+
; User-Specified and Inferred Latches                                                                ;
+-----------------------------------------------------+---------------------+------------------------+
; Latch Name                                          ; Latch Enable Signal ; Free of Timing Hazards ;
+-----------------------------------------------------+---------------------+------------------------+
; FSM:FSM|AdrSrc                                      ; FSM:FSM|WideOr7     ; yes                    ;
; FSM:FSM|ResultSrc[0]                                ; FSM:FSM|WideOr8     ; yes                    ;
; FSM:FSM|ResultSrc[1]                                ; FSM:FSM|WideOr8     ; yes                    ;
; FSM:FSM|ALUControl[1]                               ; FSM:FSM|WideOr12    ; yes                    ;
; FSM:FSM|ALUControl[0]                               ; FSM:FSM|WideOr12    ; yes                    ;
; FSM:FSM|ALUControl[2]                               ; FSM:FSM|WideOr12    ; yes                    ;
; FSM:FSM|ALUSrcB[1]                                  ; FSM:FSM|WideOr14    ; yes                    ;
; FSM:FSM|ALUSrcB[0]                                  ; FSM:FSM|WideOr14    ; yes                    ;
; FSM:FSM|ALUSrcA[1]                                  ; FSM:FSM|WideOr14    ; yes                    ;
; FSM:FSM|ALUSrcA[0]                                  ; FSM:FSM|WideOr14    ; yes                    ;
; FSM:FSM|ImmSrc[1]                                   ; FSM:FSM|WideOr16    ; yes                    ;
; FSM:FSM|ImmSrc[0]                                   ; FSM:FSM|WideOr16    ; yes                    ;
; Number of user-specified and inferred latches = 12  ;                     ;                        ;
+-----------------------------------------------------+---------------------+------------------------+
Note: All latches listed above may not be present at the end of synthesis due to various synthesis optimizations.


+------------------------------------------------------+
; General Register Statistics                          ;
+----------------------------------------------+-------+
; Statistic                                    ; Value ;
+----------------------------------------------+-------+
; Total registers                              ; 10    ;
; Number of registers using Synchronous Clear  ; 0     ;
; Number of registers using Synchronous Load   ; 0     ;
; Number of registers using Asynchronous Clear ; 10    ;
; Number of registers using Asynchronous Load  ; 0     ;
; Number of registers using Clock Enable       ; 0     ;
; Number of registers using Preset             ; 0     ;
+----------------------------------------------+-------+


+-----------------------------------------------+
; Port Connectivity Checks: "hex27seg:display5" ;
+------------+-------+----------+---------------+
; Port       ; Type  ; Severity ; Details       ;
+------------+-------+----------+---------------+
; hexa[3..2] ; Input ; Info     ; Stuck at GND  ;
+------------+-------+----------+---------------+


+-----------------------------------------------+
; Port Connectivity Checks: "hex27seg:display4" ;
+------------+-------+----------+---------------+
; Port       ; Type  ; Severity ; Details       ;
+------------+-------+----------+---------------+
; hexa[3..2] ; Input ; Info     ; Stuck at GND  ;
+------------+-------+----------+---------------+


+-----------------------------------------------+
; Port Connectivity Checks: "hex27seg:display3" ;
+------------+-------+----------+---------------+
; Port       ; Type  ; Severity ; Details       ;
+------------+-------+----------+---------------+
; hexa[3..2] ; Input ; Info     ; Stuck at GND  ;
+------------+-------+----------+---------------+


+-----------------------------------------------+
; Port Connectivity Checks: "hex27seg:display2" ;
+---------+-------+----------+------------------+
; Port    ; Type  ; Severity ; Details          ;
+---------+-------+----------+------------------+
; hexa[3] ; Input ; Info     ; Stuck at GND     ;
+---------+-------+----------+------------------+


+-----------------------------------------------+
; Port Connectivity Checks: "hex27seg:display1" ;
+------------+-------+----------+---------------+
; Port       ; Type  ; Severity ; Details       ;
+------------+-------+----------+---------------+
; hexa[3..2] ; Input ; Info     ; Stuck at GND  ;
+------------+-------+----------+---------------+


+-----------------------------------------------------+
; Post-Synthesis Netlist Statistics for Top Partition ;
+-----------------------+-----------------------------+
; Type                  ; Count                       ;
+-----------------------+-----------------------------+
; boundary_port         ; 62                          ;
; cycloneiii_ff         ; 10                          ;
;     CLR               ; 10                          ;
; cycloneiii_lcell_comb ; 66                          ;
;     normal            ; 66                          ;
;         0 data inputs ; 2                           ;
;         1 data inputs ; 10                          ;
;         2 data inputs ; 20                          ;
;         3 data inputs ; 26                          ;
;         4 data inputs ; 8                           ;
;                       ;                             ;
; Max LUT depth         ; 3.00                        ;
; Average LUT depth     ; 1.57                        ;
+-----------------------+-----------------------------+


+-------------------------------+
; Elapsed Time Per Partition    ;
+----------------+--------------+
; Partition Name ; Elapsed Time ;
+----------------+--------------+
; Top            ; 00:00:00     ;
+----------------+--------------+


+-------------------------------+
; Analysis & Synthesis Messages ;
+-------------------------------+
Info: *******************************************************************
Info: Running Quartus Prime Analysis & Synthesis
    Info: Version 23.1std.0 Build 991 11/28/2023 SC Lite Edition
    Info: Processing started: Wed Dec 11 12:09:22 2024
Info: Command: quartus_map --read_settings_files=on --write_settings_files=off DE10_LITE_FSM -c DE10_LITE_FSM
Warning (18236): Number of processors has not been specified which may cause overloading on shared machines.  Set the global assignment NUM_PARALLEL_PROCESSORS in your QSF to an appropriate value for best performance.
Info (20030): Parallel compilation is enabled and will use 12 of the 12 processors detected
Info (12021): Found 2 design units, including 1 entities, in source file /users/vitor/documents/eng_comp/4_semestre/lab_sistemas_digitais/aulas/exp11/de10_lite_fsm/src/fsm.vhd
    Info (12022): Found design unit 1: FSM-estrutural File: C:/Users/VITOR/Documents/Eng_Comp/4_semestre/Lab_Sistemas_digitais/Aulas/Exp11/DE10_LITE_FSM/src/FSM.vhd Line: 37
    Info (12023): Found entity 1: FSM File: C:/Users/VITOR/Documents/Eng_Comp/4_semestre/Lab_Sistemas_digitais/Aulas/Exp11/DE10_LITE_FSM/src/FSM.vhd Line: 11
Info (12021): Found 2 design units, including 1 entities, in source file /users/vitor/documents/eng_comp/4_semestre/lab_sistemas_digitais/aulas/exp11/de10_lite_fsm/src/de10_lite_fsm.vhd
    Info (12022): Found design unit 1: DE10_LITE_FSM-estrutural File: C:/Users/VITOR/Documents/Eng_Comp/4_semestre/Lab_Sistemas_digitais/Aulas/Exp11/DE10_LITE_FSM/src/DE10_LITE_FSM.vhd Line: 25
    Info (12023): Found entity 1: DE10_LITE_FSM File: C:/Users/VITOR/Documents/Eng_Comp/4_semestre/Lab_Sistemas_digitais/Aulas/Exp11/DE10_LITE_FSM/src/DE10_LITE_FSM.vhd Line: 11
Info (12021): Found 2 design units, including 1 entities, in source file /users/vitor/documents/eng_comp/4_semestre/lab_sistemas_digitais/aulas/exp11/de10_lite_fsm/src/hex27seg.vhd
    Info (12022): Found design unit 1: hex27seg-logica File: C:/Users/VITOR/Documents/Eng_Comp/4_semestre/Lab_Sistemas_digitais/Aulas/Exp11/DE10_LITE_FSM/src/hex27seg.vhd Line: 22
    Info (12023): Found entity 1: hex27seg File: C:/Users/VITOR/Documents/Eng_Comp/4_semestre/Lab_Sistemas_digitais/Aulas/Exp11/DE10_LITE_FSM/src/hex27seg.vhd Line: 14
Info (12127): Elaborating entity "DE10_LITE_FSM" for the top level hierarchy
Warning (10873): Using initial value X (don't care) for net "LEDR[9..5]" at DE10_LITE_FSM.vhd(15) File: C:/Users/VITOR/Documents/Eng_Comp/4_semestre/Lab_Sistemas_digitais/Aulas/Exp11/DE10_LITE_FSM/src/DE10_LITE_FSM.vhd Line: 15
Info (12128): Elaborating entity "FSM" for hierarchy "FSM:FSM" File: C:/Users/VITOR/Documents/Eng_Comp/4_semestre/Lab_Sistemas_digitais/Aulas/Exp11/DE10_LITE_FSM/src/DE10_LITE_FSM.vhd Line: 43
Warning (10492): VHDL Process Statement warning at FSM.vhd(69): signal "op" is read inside the Process Statement but isn't in the Process Statement's sensitivity list File: C:/Users/VITOR/Documents/Eng_Comp/4_semestre/Lab_Sistemas_digitais/Aulas/Exp11/DE10_LITE_FSM/src/FSM.vhd Line: 69
Warning (10492): VHDL Process Statement warning at FSM.vhd(72): signal "op" is read inside the Process Statement but isn't in the Process Statement's sensitivity list File: C:/Users/VITOR/Documents/Eng_Comp/4_semestre/Lab_Sistemas_digitais/Aulas/Exp11/DE10_LITE_FSM/src/FSM.vhd Line: 72
Warning (10492): VHDL Process Statement warning at FSM.vhd(75): signal "op" is read inside the Process Statement but isn't in the Process Statement's sensitivity list File: C:/Users/VITOR/Documents/Eng_Comp/4_semestre/Lab_Sistemas_digitais/Aulas/Exp11/DE10_LITE_FSM/src/FSM.vhd Line: 75
Warning (10492): VHDL Process Statement warning at FSM.vhd(78): signal "op" is read inside the Process Statement but isn't in the Process Statement's sensitivity list File: C:/Users/VITOR/Documents/Eng_Comp/4_semestre/Lab_Sistemas_digitais/Aulas/Exp11/DE10_LITE_FSM/src/FSM.vhd Line: 78
Warning (10492): VHDL Process Statement warning at FSM.vhd(83): signal "funct3" is read inside the Process Statement but isn't in the Process Statement's sensitivity list File: C:/Users/VITOR/Documents/Eng_Comp/4_semestre/Lab_Sistemas_digitais/Aulas/Exp11/DE10_LITE_FSM/src/FSM.vhd Line: 83
Warning (10631): VHDL Process Statement warning at FSM.vhd(63): inferring latch(es) for signal or variable "next_state", which holds its previous value in one or more paths through the process File: C:/Users/VITOR/Documents/Eng_Comp/4_semestre/Lab_Sistemas_digitais/Aulas/Exp11/DE10_LITE_FSM/src/FSM.vhd Line: 63
Warning (10492): VHDL Process Statement warning at FSM.vhd(161): signal "funct3" is read inside the Process Statement but isn't in the Process Statement's sensitivity list File: C:/Users/VITOR/Documents/Eng_Comp/4_semestre/Lab_Sistemas_digitais/Aulas/Exp11/DE10_LITE_FSM/src/FSM.vhd Line: 161
Warning (10492): VHDL Process Statement warning at FSM.vhd(170): signal "funct3" is read inside the Process Statement but isn't in the Process Statement's sensitivity list File: C:/Users/VITOR/Documents/Eng_Comp/4_semestre/Lab_Sistemas_digitais/Aulas/Exp11/DE10_LITE_FSM/src/FSM.vhd Line: 170
Warning (10492): VHDL Process Statement warning at FSM.vhd(176): signal "funct3" is read inside the Process Statement but isn't in the Process Statement's sensitivity list File: C:/Users/VITOR/Documents/Eng_Comp/4_semestre/Lab_Sistemas_digitais/Aulas/Exp11/DE10_LITE_FSM/src/FSM.vhd Line: 176
Warning (10492): VHDL Process Statement warning at FSM.vhd(182): signal "zero" is read inside the Process Statement but isn't in the Process Statement's sensitivity list File: C:/Users/VITOR/Documents/Eng_Comp/4_semestre/Lab_Sistemas_digitais/Aulas/Exp11/DE10_LITE_FSM/src/FSM.vhd Line: 182
Warning (10631): VHDL Process Statement warning at FSM.vhd(109): inferring latch(es) for signal or variable "AdrSrc", which holds its previous value in one or more paths through the process File: C:/Users/VITOR/Documents/Eng_Comp/4_semestre/Lab_Sistemas_digitais/Aulas/Exp11/DE10_LITE_FSM/src/FSM.vhd Line: 109
Warning (10631): VHDL Process Statement warning at FSM.vhd(109): inferring latch(es) for signal or variable "ResultSrc", which holds its previous value in one or more paths through the process File: C:/Users/VITOR/Documents/Eng_Comp/4_semestre/Lab_Sistemas_digitais/Aulas/Exp11/DE10_LITE_FSM/src/FSM.vhd Line: 109
Warning (10631): VHDL Process Statement warning at FSM.vhd(109): inferring latch(es) for signal or variable "ALUControl", which holds its previous value in one or more paths through the process File: C:/Users/VITOR/Documents/Eng_Comp/4_semestre/Lab_Sistemas_digitais/Aulas/Exp11/DE10_LITE_FSM/src/FSM.vhd Line: 109
Warning (10631): VHDL Process Statement warning at FSM.vhd(109): inferring latch(es) for signal or variable "ALUSrcB", which holds its previous value in one or more paths through the process File: C:/Users/VITOR/Documents/Eng_Comp/4_semestre/Lab_Sistemas_digitais/Aulas/Exp11/DE10_LITE_FSM/src/FSM.vhd Line: 109
Warning (10631): VHDL Process Statement warning at FSM.vhd(109): inferring latch(es) for signal or variable "ALUSrcA", which holds its previous value in one or more paths through the process File: C:/Users/VITOR/Documents/Eng_Comp/4_semestre/Lab_Sistemas_digitais/Aulas/Exp11/DE10_LITE_FSM/src/FSM.vhd Line: 109
Warning (10631): VHDL Process Statement warning at FSM.vhd(109): inferring latch(es) for signal or variable "ImmSrc", which holds its previous value in one or more paths through the process File: C:/Users/VITOR/Documents/Eng_Comp/4_semestre/Lab_Sistemas_digitais/Aulas/Exp11/DE10_LITE_FSM/src/FSM.vhd Line: 109
Info (10041): Inferred latch for "ImmSrc[0]" at FSM.vhd(109) File: C:/Users/VITOR/Documents/Eng_Comp/4_semestre/Lab_Sistemas_digitais/Aulas/Exp11/DE10_LITE_FSM/src/FSM.vhd Line: 109
Info (10041): Inferred latch for "ImmSrc[1]" at FSM.vhd(109) File: C:/Users/VITOR/Documents/Eng_Comp/4_semestre/Lab_Sistemas_digitais/Aulas/Exp11/DE10_LITE_FSM/src/FSM.vhd Line: 109
Info (10041): Inferred latch for "ALUSrcA[0]" at FSM.vhd(109) File: C:/Users/VITOR/Documents/Eng_Comp/4_semestre/Lab_Sistemas_digitais/Aulas/Exp11/DE10_LITE_FSM/src/FSM.vhd Line: 109
Info (10041): Inferred latch for "ALUSrcA[1]" at FSM.vhd(109) File: C:/Users/VITOR/Documents/Eng_Comp/4_semestre/Lab_Sistemas_digitais/Aulas/Exp11/DE10_LITE_FSM/src/FSM.vhd Line: 109
Info (10041): Inferred latch for "ALUSrcB[0]" at FSM.vhd(109) File: C:/Users/VITOR/Documents/Eng_Comp/4_semestre/Lab_Sistemas_digitais/Aulas/Exp11/DE10_LITE_FSM/src/FSM.vhd Line: 109
Info (10041): Inferred latch for "ALUSrcB[1]" at FSM.vhd(109) File: C:/Users/VITOR/Documents/Eng_Comp/4_semestre/Lab_Sistemas_digitais/Aulas/Exp11/DE10_LITE_FSM/src/FSM.vhd Line: 109
Info (10041): Inferred latch for "ALUControl[0]" at FSM.vhd(109) File: C:/Users/VITOR/Documents/Eng_Comp/4_semestre/Lab_Sistemas_digitais/Aulas/Exp11/DE10_LITE_FSM/src/FSM.vhd Line: 109
Info (10041): Inferred latch for "ALUControl[1]" at FSM.vhd(109) File: C:/Users/VITOR/Documents/Eng_Comp/4_semestre/Lab_Sistemas_digitais/Aulas/Exp11/DE10_LITE_FSM/src/FSM.vhd Line: 109
Info (10041): Inferred latch for "ALUControl[2]" at FSM.vhd(109) File: C:/Users/VITOR/Documents/Eng_Comp/4_semestre/Lab_Sistemas_digitais/Aulas/Exp11/DE10_LITE_FSM/src/FSM.vhd Line: 109
Info (10041): Inferred latch for "ResultSrc[0]" at FSM.vhd(109) File: C:/Users/VITOR/Documents/Eng_Comp/4_semestre/Lab_Sistemas_digitais/Aulas/Exp11/DE10_LITE_FSM/src/FSM.vhd Line: 109
Info (10041): Inferred latch for "ResultSrc[1]" at FSM.vhd(109) File: C:/Users/VITOR/Documents/Eng_Comp/4_semestre/Lab_Sistemas_digitais/Aulas/Exp11/DE10_LITE_FSM/src/FSM.vhd Line: 109
Info (10041): Inferred latch for "AdrSrc" at FSM.vhd(109) File: C:/Users/VITOR/Documents/Eng_Comp/4_semestre/Lab_Sistemas_digitais/Aulas/Exp11/DE10_LITE_FSM/src/FSM.vhd Line: 109
Info (10041): Inferred latch for "next_state.s9" at FSM.vhd(63) File: C:/Users/VITOR/Documents/Eng_Comp/4_semestre/Lab_Sistemas_digitais/Aulas/Exp11/DE10_LITE_FSM/src/FSM.vhd Line: 63
Info (10041): Inferred latch for "next_state.s8" at FSM.vhd(63) File: C:/Users/VITOR/Documents/Eng_Comp/4_semestre/Lab_Sistemas_digitais/Aulas/Exp11/DE10_LITE_FSM/src/FSM.vhd Line: 63
Info (10041): Inferred latch for "next_state.s7" at FSM.vhd(63) File: C:/Users/VITOR/Documents/Eng_Comp/4_semestre/Lab_Sistemas_digitais/Aulas/Exp11/DE10_LITE_FSM/src/FSM.vhd Line: 63
Info (10041): Inferred latch for "next_state.s6" at FSM.vhd(63) File: C:/Users/VITOR/Documents/Eng_Comp/4_semestre/Lab_Sistemas_digitais/Aulas/Exp11/DE10_LITE_FSM/src/FSM.vhd Line: 63
Info (10041): Inferred latch for "next_state.s5" at FSM.vhd(63) File: C:/Users/VITOR/Documents/Eng_Comp/4_semestre/Lab_Sistemas_digitais/Aulas/Exp11/DE10_LITE_FSM/src/FSM.vhd Line: 63
Info (10041): Inferred latch for "next_state.s4" at FSM.vhd(63) File: C:/Users/VITOR/Documents/Eng_Comp/4_semestre/Lab_Sistemas_digitais/Aulas/Exp11/DE10_LITE_FSM/src/FSM.vhd Line: 63
Info (10041): Inferred latch for "next_state.s3" at FSM.vhd(63) File: C:/Users/VITOR/Documents/Eng_Comp/4_semestre/Lab_Sistemas_digitais/Aulas/Exp11/DE10_LITE_FSM/src/FSM.vhd Line: 63
Info (10041): Inferred latch for "next_state.s2" at FSM.vhd(63) File: C:/Users/VITOR/Documents/Eng_Comp/4_semestre/Lab_Sistemas_digitais/Aulas/Exp11/DE10_LITE_FSM/src/FSM.vhd Line: 63
Info (10041): Inferred latch for "next_state.s1" at FSM.vhd(63) File: C:/Users/VITOR/Documents/Eng_Comp/4_semestre/Lab_Sistemas_digitais/Aulas/Exp11/DE10_LITE_FSM/src/FSM.vhd Line: 63
Info (10041): Inferred latch for "next_state.s0" at FSM.vhd(63) File: C:/Users/VITOR/Documents/Eng_Comp/4_semestre/Lab_Sistemas_digitais/Aulas/Exp11/DE10_LITE_FSM/src/FSM.vhd Line: 63
Info (12128): Elaborating entity "hex27seg" for hierarchy "hex27seg:display1" File: C:/Users/VITOR/Documents/Eng_Comp/4_semestre/Lab_Sistemas_digitais/Aulas/Exp11/DE10_LITE_FSM/src/DE10_LITE_FSM.vhd Line: 70
Warning (14026): LATCH primitive "FSM:FSM|next_state.s7_369" is permanently enabled File: C:/Users/VITOR/Documents/Eng_Comp/4_semestre/Lab_Sistemas_digitais/Aulas/Exp11/DE10_LITE_FSM/src/FSM.vhd Line: 63
Warning (14026): LATCH primitive "FSM:FSM|next_state.s5_396" is permanently enabled File: C:/Users/VITOR/Documents/Eng_Comp/4_semestre/Lab_Sistemas_digitais/Aulas/Exp11/DE10_LITE_FSM/src/FSM.vhd Line: 63
Warning (14026): LATCH primitive "FSM:FSM|next_state.s4_411" is permanently enabled File: C:/Users/VITOR/Documents/Eng_Comp/4_semestre/Lab_Sistemas_digitais/Aulas/Exp11/DE10_LITE_FSM/src/FSM.vhd Line: 63
Warning (14026): LATCH primitive "FSM:FSM|next_state.s3_426" is permanently enabled File: C:/Users/VITOR/Documents/Eng_Comp/4_semestre/Lab_Sistemas_digitais/Aulas/Exp11/DE10_LITE_FSM/src/FSM.vhd Line: 63
Warning (14026): LATCH primitive "FSM:FSM|next_state.s1_453" is permanently enabled File: C:/Users/VITOR/Documents/Eng_Comp/4_semestre/Lab_Sistemas_digitais/Aulas/Exp11/DE10_LITE_FSM/src/FSM.vhd Line: 63
Warning (14026): LATCH primitive "FSM:FSM|next_state.s0_468" is permanently enabled File: C:/Users/VITOR/Documents/Eng_Comp/4_semestre/Lab_Sistemas_digitais/Aulas/Exp11/DE10_LITE_FSM/src/FSM.vhd Line: 63
Warning (13012): Latch FSM:FSM|AdrSrc has unsafe behavior File: C:/Users/VITOR/Documents/Eng_Comp/4_semestre/Lab_Sistemas_digitais/Aulas/Exp11/DE10_LITE_FSM/src/FSM.vhd Line: 23
    Warning (13013): Ports D and ENA on the latch are fed by the same signal FSM:FSM|state.s3 File: C:/Users/VITOR/Documents/Eng_Comp/4_semestre/Lab_Sistemas_digitais/Aulas/Exp11/DE10_LITE_FSM/src/FSM.vhd Line: 43
Warning (13012): Latch FSM:FSM|ImmSrc[1] has unsafe behavior File: C:/Users/VITOR/Documents/Eng_Comp/4_semestre/Lab_Sistemas_digitais/Aulas/Exp11/DE10_LITE_FSM/src/FSM.vhd Line: 109
    Warning (13013): Ports D and ENA on the latch are fed by the same signal FSM:FSM|state.s9 File: C:/Users/VITOR/Documents/Eng_Comp/4_semestre/Lab_Sistemas_digitais/Aulas/Exp11/DE10_LITE_FSM/src/FSM.vhd Line: 43
Warning (13012): Latch FSM:FSM|ImmSrc[0] has unsafe behavior File: C:/Users/VITOR/Documents/Eng_Comp/4_semestre/Lab_Sistemas_digitais/Aulas/Exp11/DE10_LITE_FSM/src/FSM.vhd Line: 109
    Warning (13013): Ports D and ENA on the latch are fed by the same signal FSM:FSM|state.s8 File: C:/Users/VITOR/Documents/Eng_Comp/4_semestre/Lab_Sistemas_digitais/Aulas/Exp11/DE10_LITE_FSM/src/FSM.vhd Line: 43
Warning (13024): Output pins are stuck at VCC or GND
    Warning (13410): Pin "LEDR[5]" is stuck at GND File: C:/Users/VITOR/Documents/Eng_Comp/4_semestre/Lab_Sistemas_digitais/Aulas/Exp11/DE10_LITE_FSM/src/DE10_LITE_FSM.vhd Line: 15
    Warning (13410): Pin "LEDR[6]" is stuck at GND File: C:/Users/VITOR/Documents/Eng_Comp/4_semestre/Lab_Sistemas_digitais/Aulas/Exp11/DE10_LITE_FSM/src/DE10_LITE_FSM.vhd Line: 15
    Warning (13410): Pin "LEDR[7]" is stuck at GND File: C:/Users/VITOR/Documents/Eng_Comp/4_semestre/Lab_Sistemas_digitais/Aulas/Exp11/DE10_LITE_FSM/src/DE10_LITE_FSM.vhd Line: 15
    Warning (13410): Pin "LEDR[8]" is stuck at GND File: C:/Users/VITOR/Documents/Eng_Comp/4_semestre/Lab_Sistemas_digitais/Aulas/Exp11/DE10_LITE_FSM/src/DE10_LITE_FSM.vhd Line: 15
    Warning (13410): Pin "LEDR[9]" is stuck at GND File: C:/Users/VITOR/Documents/Eng_Comp/4_semestre/Lab_Sistemas_digitais/Aulas/Exp11/DE10_LITE_FSM/src/DE10_LITE_FSM.vhd Line: 15
    Warning (13410): Pin "HEX0[1]" is stuck at GND File: C:/Users/VITOR/Documents/Eng_Comp/4_semestre/Lab_Sistemas_digitais/Aulas/Exp11/DE10_LITE_FSM/src/DE10_LITE_FSM.vhd Line: 16
    Warning (13410): Pin "HEX0[7]" is stuck at VCC File: C:/Users/VITOR/Documents/Eng_Comp/4_semestre/Lab_Sistemas_digitais/Aulas/Exp11/DE10_LITE_FSM/src/DE10_LITE_FSM.vhd Line: 16
    Warning (13410): Pin "HEX1[7]" is stuck at VCC File: C:/Users/VITOR/Documents/Eng_Comp/4_semestre/Lab_Sistemas_digitais/Aulas/Exp11/DE10_LITE_FSM/src/DE10_LITE_FSM.vhd Line: 17
    Warning (13410): Pin "HEX2[1]" is stuck at GND File: C:/Users/VITOR/Documents/Eng_Comp/4_semestre/Lab_Sistemas_digitais/Aulas/Exp11/DE10_LITE_FSM/src/DE10_LITE_FSM.vhd Line: 18
    Warning (13410): Pin "HEX2[7]" is stuck at VCC File: C:/Users/VITOR/Documents/Eng_Comp/4_semestre/Lab_Sistemas_digitais/Aulas/Exp11/DE10_LITE_FSM/src/DE10_LITE_FSM.vhd Line: 18
    Warning (13410): Pin "HEX3[1]" is stuck at GND File: C:/Users/VITOR/Documents/Eng_Comp/4_semestre/Lab_Sistemas_digitais/Aulas/Exp11/DE10_LITE_FSM/src/DE10_LITE_FSM.vhd Line: 19
    Warning (13410): Pin "HEX3[7]" is stuck at VCC File: C:/Users/VITOR/Documents/Eng_Comp/4_semestre/Lab_Sistemas_digitais/Aulas/Exp11/DE10_LITE_FSM/src/DE10_LITE_FSM.vhd Line: 19
    Warning (13410): Pin "HEX4[1]" is stuck at GND File: C:/Users/VITOR/Documents/Eng_Comp/4_semestre/Lab_Sistemas_digitais/Aulas/Exp11/DE10_LITE_FSM/src/DE10_LITE_FSM.vhd Line: 20
    Warning (13410): Pin "HEX4[7]" is stuck at VCC File: C:/Users/VITOR/Documents/Eng_Comp/4_semestre/Lab_Sistemas_digitais/Aulas/Exp11/DE10_LITE_FSM/src/DE10_LITE_FSM.vhd Line: 20
Info (286030): Timing-Driven Synthesis is running
Warning (20013): Ignored 185 assignments for entity "DE10_LITE_FULL" -- entity does not exist in design
    Warning (20014): Assignment for entity set_instance_assignment -name IO_STANDARD "3.3-V LVTTL" -to ADC_CLK_10 -entity DE10_LITE_FULL was ignored
    Warning (20014): Assignment for entity set_instance_assignment -name IO_STANDARD "3.3-V LVTTL" -to ARDUINO_IO[0] -entity DE10_LITE_FULL was ignored
    Warning (20014): Assignment for entity set_instance_assignment -name IO_STANDARD "3.3-V LVTTL" -to ARDUINO_IO[10] -entity DE10_LITE_FULL was ignored
    Warning (20014): Assignment for entity set_instance_assignment -name IO_STANDARD "3.3-V LVTTL" -to ARDUINO_IO[11] -entity DE10_LITE_FULL was ignored
    Warning (20014): Assignment for entity set_instance_assignment -name IO_STANDARD "3.3-V LVTTL" -to ARDUINO_IO[12] -entity DE10_LITE_FULL was ignored
    Warning (20014): Assignment for entity set_instance_assignment -name IO_STANDARD "3.3-V LVTTL" -to ARDUINO_IO[13] -entity DE10_LITE_FULL was ignored
    Warning (20014): Assignment for entity set_instance_assignment -name IO_STANDARD "3.3-V LVTTL" -to ARDUINO_IO[14] -entity DE10_LITE_FULL was ignored
    Warning (20014): Assignment for entity set_instance_assignment -name IO_STANDARD "3.3-V LVTTL" -to ARDUINO_IO[15] -entity DE10_LITE_FULL was ignored
    Warning (20014): Assignment for entity set_instance_assignment -name IO_STANDARD "3.3-V LVTTL" -to ARDUINO_IO[1] -entity DE10_LITE_FULL was ignored
    Warning (20014): Assignment for entity set_instance_assignment -name IO_STANDARD "3.3-V LVTTL" -to ARDUINO_IO[2] -entity DE10_LITE_FULL was ignored
    Warning (20014): Assignment for entity set_instance_assignment -name IO_STANDARD "3.3-V LVTTL" -to ARDUINO_IO[3] -entity DE10_LITE_FULL was ignored
    Warning (20014): Assignment for entity set_instance_assignment -name IO_STANDARD "3.3-V LVTTL" -to ARDUINO_IO[4] -entity DE10_LITE_FULL was ignored
    Warning (20014): Assignment for entity set_instance_assignment -name IO_STANDARD "3.3-V LVTTL" -to ARDUINO_IO[5] -entity DE10_LITE_FULL was ignored
    Warning (20014): Assignment for entity set_instance_assignment -name IO_STANDARD "3.3-V LVTTL" -to ARDUINO_IO[6] -entity DE10_LITE_FULL was ignored
    Warning (20014): Assignment for entity set_instance_assignment -name IO_STANDARD "3.3-V LVTTL" -to ARDUINO_IO[7] -entity DE10_LITE_FULL was ignored
    Warning (20014): Assignment for entity set_instance_assignment -name IO_STANDARD "3.3-V LVTTL" -to ARDUINO_IO[8] -entity DE10_LITE_FULL was ignored
    Warning (20014): Assignment for entity set_instance_assignment -name IO_STANDARD "3.3-V LVTTL" -to ARDUINO_IO[9] -entity DE10_LITE_FULL was ignored
    Warning (20014): Assignment for entity set_instance_assignment -name IO_STANDARD "3.3 V SCHMITT TRIGGER" -to ARDUINO_RESET_N -entity DE10_LITE_FULL was ignored
    Warning (20014): Assignment for entity set_instance_assignment -name IO_STANDARD "3.3-V LVTTL" -to DRAM_ADDR[0] -entity DE10_LITE_FULL was ignored
    Warning (20014): Assignment for entity set_instance_assignment -name IO_STANDARD "3.3-V LVTTL" -to DRAM_ADDR[10] -entity DE10_LITE_FULL was ignored
    Warning (20014): Assignment for entity set_instance_assignment -name IO_STANDARD "3.3-V LVTTL" -to DRAM_ADDR[11] -entity DE10_LITE_FULL was ignored
    Warning (20014): Assignment for entity set_instance_assignment -name IO_STANDARD "3.3-V LVTTL" -to DRAM_ADDR[12] -entity DE10_LITE_FULL was ignored
    Warning (20014): Assignment for entity set_instance_assignment -name IO_STANDARD "3.3-V LVTTL" -to DRAM_ADDR[1] -entity DE10_LITE_FULL was ignored
    Warning (20014): Assignment for entity set_instance_assignment -name IO_STANDARD "3.3-V LVTTL" -to DRAM_ADDR[2] -entity DE10_LITE_FULL was ignored
    Warning (20014): Assignment for entity set_instance_assignment -name IO_STANDARD "3.3-V LVTTL" -to DRAM_ADDR[3] -entity DE10_LITE_FULL was ignored
    Warning (20014): Assignment for entity set_instance_assignment -name IO_STANDARD "3.3-V LVTTL" -to DRAM_ADDR[4] -entity DE10_LITE_FULL was ignored
    Warning (20014): Assignment for entity set_instance_assignment -name IO_STANDARD "3.3-V LVTTL" -to DRAM_ADDR[5] -entity DE10_LITE_FULL was ignored
    Warning (20014): Assignment for entity set_instance_assignment -name IO_STANDARD "3.3-V LVTTL" -to DRAM_ADDR[6] -entity DE10_LITE_FULL was ignored
    Warning (20014): Assignment for entity set_instance_assignment -name IO_STANDARD "3.3-V LVTTL" -to DRAM_ADDR[7] -entity DE10_LITE_FULL was ignored
    Warning (20014): Assignment for entity set_instance_assignment -name IO_STANDARD "3.3-V LVTTL" -to DRAM_ADDR[8] -entity DE10_LITE_FULL was ignored
    Warning (20014): Assignment for entity set_instance_assignment -name IO_STANDARD "3.3-V LVTTL" -to DRAM_ADDR[9] -entity DE10_LITE_FULL was ignored
    Warning (20014): Assignment for entity set_instance_assignment -name IO_STANDARD "3.3-V LVTTL" -to DRAM_BA[0] -entity DE10_LITE_FULL was ignored
    Warning (20014): Assignment for entity set_instance_assignment -name IO_STANDARD "3.3-V LVTTL" -to DRAM_BA[1] -entity DE10_LITE_FULL was ignored
    Warning (20014): Assignment for entity set_instance_assignment -name IO_STANDARD "3.3-V LVTTL" -to DRAM_CAS_N -entity DE10_LITE_FULL was ignored
    Warning (20014): Assignment for entity set_instance_assignment -name IO_STANDARD "3.3-V LVTTL" -to DRAM_CKE -entity DE10_LITE_FULL was ignored
    Warning (20014): Assignment for entity set_instance_assignment -name IO_STANDARD "3.3-V LVTTL" -to DRAM_CLK -entity DE10_LITE_FULL was ignored
    Warning (20014): Assignment for entity set_instance_assignment -name IO_STANDARD "3.3-V LVTTL" -to DRAM_CS_N -entity DE10_LITE_FULL was ignored
    Warning (20014): Assignment for entity set_instance_assignment -name IO_STANDARD "3.3-V LVTTL" -to DRAM_DQ[0] -entity DE10_LITE_FULL was ignored
    Warning (20014): Assignment for entity set_instance_assignment -name IO_STANDARD "3.3-V LVTTL" -to DRAM_DQ[10] -entity DE10_LITE_FULL was ignored
    Warning (20014): Assignment for entity set_instance_assignment -name IO_STANDARD "3.3-V LVTTL" -to DRAM_DQ[11] -entity DE10_LITE_FULL was ignored
    Warning (20014): Assignment for entity set_instance_assignment -name IO_STANDARD "3.3-V LVTTL" -to DRAM_DQ[12] -entity DE10_LITE_FULL was ignored
    Warning (20014): Assignment for entity set_instance_assignment -name IO_STANDARD "3.3-V LVTTL" -to DRAM_DQ[13] -entity DE10_LITE_FULL was ignored
    Warning (20014): Assignment for entity set_instance_assignment -name IO_STANDARD "3.3-V LVTTL" -to DRAM_DQ[14] -entity DE10_LITE_FULL was ignored
    Warning (20014): Assignment for entity set_instance_assignment -name IO_STANDARD "3.3-V LVTTL" -to DRAM_DQ[15] -entity DE10_LITE_FULL was ignored
    Warning (20014): Assignment for entity set_instance_assignment -name IO_STANDARD "3.3-V LVTTL" -to DRAM_DQ[1] -entity DE10_LITE_FULL was ignored
    Warning (20014): Assignment for entity set_instance_assignment -name IO_STANDARD "3.3-V LVTTL" -to DRAM_DQ[2] -entity DE10_LITE_FULL was ignored
    Warning (20014): Assignment for entity set_instance_assignment -name IO_STANDARD "3.3-V LVTTL" -to DRAM_DQ[3] -entity DE10_LITE_FULL was ignored
    Warning (20014): Assignment for entity set_instance_assignment -name IO_STANDARD "3.3-V LVTTL" -to DRAM_DQ[4] -entity DE10_LITE_FULL was ignored
    Warning (20014): Assignment for entity set_instance_assignment -name IO_STANDARD "3.3-V LVTTL" -to DRAM_DQ[5] -entity DE10_LITE_FULL was ignored
    Warning (20014): Assignment for entity set_instance_assignment -name IO_STANDARD "3.3-V LVTTL" -to DRAM_DQ[6] -entity DE10_LITE_FULL was ignored
    Warning (20014): Assignment for entity set_instance_assignment -name IO_STANDARD "3.3-V LVTTL" -to DRAM_DQ[7] -entity DE10_LITE_FULL was ignored
    Warning (20014): Assignment for entity set_instance_assignment -name IO_STANDARD "3.3-V LVTTL" -to DRAM_DQ[8] -entity DE10_LITE_FULL was ignored
    Warning (20014): Assignment for entity set_instance_assignment -name IO_STANDARD "3.3-V LVTTL" -to DRAM_DQ[9] -entity DE10_LITE_FULL was ignored
    Warning (20014): Assignment for entity set_instance_assignment -name IO_STANDARD "3.3-V LVTTL" -to DRAM_LDQM -entity DE10_LITE_FULL was ignored
    Warning (20014): Assignment for entity set_instance_assignment -name IO_STANDARD "3.3-V LVTTL" -to DRAM_RAS_N -entity DE10_LITE_FULL was ignored
    Warning (20014): Assignment for entity set_instance_assignment -name IO_STANDARD "3.3-V LVTTL" -to DRAM_UDQM -entity DE10_LITE_FULL was ignored
    Warning (20014): Assignment for entity set_instance_assignment -name IO_STANDARD "3.3-V LVTTL" -to DRAM_WE_N -entity DE10_LITE_FULL was ignored
    Warning (20014): Assignment for entity set_instance_assignment -name IO_STANDARD "3.3-V LVTTL" -to GSENSOR_CS_N -entity DE10_LITE_FULL was ignored
    Warning (20014): Assignment for entity set_instance_assignment -name IO_STANDARD "3.3-V LVTTL" -to GSENSOR_INT[1] -entity DE10_LITE_FULL was ignored
    Warning (20014): Assignment for entity set_instance_assignment -name IO_STANDARD "3.3-V LVTTL" -to GSENSOR_INT[2] -entity DE10_LITE_FULL was ignored
    Warning (20014): Assignment for entity set_instance_assignment -name IO_STANDARD "3.3-V LVTTL" -to GSENSOR_SCLK -entity DE10_LITE_FULL was ignored
    Warning (20014): Assignment for entity set_instance_assignment -name IO_STANDARD "3.3-V LVTTL" -to GSENSOR_SDI -entity DE10_LITE_FULL was ignored
    Warning (20014): Assignment for entity set_instance_assignment -name IO_STANDARD "3.3-V LVTTL" -to GSENSOR_SDO -entity DE10_LITE_FULL was ignored
    Warning (20014): Assignment for entity set_instance_assignment -name IO_STANDARD "3.3-V LVTTL" -to HEX0[0] -entity DE10_LITE_FULL was ignored
    Warning (20014): Assignment for entity set_instance_assignment -name IO_STANDARD "3.3-V LVTTL" -to HEX0[1] -entity DE10_LITE_FULL was ignored
    Warning (20014): Assignment for entity set_instance_assignment -name IO_STANDARD "3.3-V LVTTL" -to HEX0[2] -entity DE10_LITE_FULL was ignored
    Warning (20014): Assignment for entity set_instance_assignment -name IO_STANDARD "3.3-V LVTTL" -to HEX0[3] -entity DE10_LITE_FULL was ignored
    Warning (20014): Assignment for entity set_instance_assignment -name IO_STANDARD "3.3-V LVTTL" -to HEX0[4] -entity DE10_LITE_FULL was ignored
    Warning (20014): Assignment for entity set_instance_assignment -name IO_STANDARD "3.3-V LVTTL" -to HEX0[5] -entity DE10_LITE_FULL was ignored
    Warning (20014): Assignment for entity set_instance_assignment -name IO_STANDARD "3.3-V LVTTL" -to HEX0[6] -entity DE10_LITE_FULL was ignored
    Warning (20014): Assignment for entity set_instance_assignment -name IO_STANDARD "3.3-V LVTTL" -to HEX0[7] -entity DE10_LITE_FULL was ignored
    Warning (20014): Assignment for entity set_instance_assignment -name IO_STANDARD "3.3-V LVTTL" -to HEX1[0] -entity DE10_LITE_FULL was ignored
    Warning (20014): Assignment for entity set_instance_assignment -name IO_STANDARD "3.3-V LVTTL" -to HEX1[1] -entity DE10_LITE_FULL was ignored
    Warning (20014): Assignment for entity set_instance_assignment -name IO_STANDARD "3.3-V LVTTL" -to HEX1[2] -entity DE10_LITE_FULL was ignored
    Warning (20014): Assignment for entity set_instance_assignment -name IO_STANDARD "3.3-V LVTTL" -to HEX1[3] -entity DE10_LITE_FULL was ignored
    Warning (20014): Assignment for entity set_instance_assignment -name IO_STANDARD "3.3-V LVTTL" -to HEX1[4] -entity DE10_LITE_FULL was ignored
    Warning (20014): Assignment for entity set_instance_assignment -name IO_STANDARD "3.3-V LVTTL" -to HEX1[5] -entity DE10_LITE_FULL was ignored
    Warning (20014): Assignment for entity set_instance_assignment -name IO_STANDARD "3.3-V LVTTL" -to HEX1[6] -entity DE10_LITE_FULL was ignored
    Warning (20014): Assignment for entity set_instance_assignment -name IO_STANDARD "3.3-V LVTTL" -to HEX1[7] -entity DE10_LITE_FULL was ignored
    Warning (20014): Assignment for entity set_instance_assignment -name IO_STANDARD "3.3-V LVTTL" -to HEX2[0] -entity DE10_LITE_FULL was ignored
    Warning (20014): Assignment for entity set_instance_assignment -name IO_STANDARD "3.3-V LVTTL" -to HEX2[1] -entity DE10_LITE_FULL was ignored
    Warning (20014): Assignment for entity set_instance_assignment -name IO_STANDARD "3.3-V LVTTL" -to HEX2[2] -entity DE10_LITE_FULL was ignored
    Warning (20014): Assignment for entity set_instance_assignment -name IO_STANDARD "3.3-V LVTTL" -to HEX2[3] -entity DE10_LITE_FULL was ignored
    Warning (20014): Assignment for entity set_instance_assignment -name IO_STANDARD "3.3-V LVTTL" -to HEX2[4] -entity DE10_LITE_FULL was ignored
    Warning (20014): Assignment for entity set_instance_assignment -name IO_STANDARD "3.3-V LVTTL" -to HEX2[5] -entity DE10_LITE_FULL was ignored
    Warning (20014): Assignment for entity set_instance_assignment -name IO_STANDARD "3.3-V LVTTL" -to HEX2[6] -entity DE10_LITE_FULL was ignored
    Warning (20014): Assignment for entity set_instance_assignment -name IO_STANDARD "3.3-V LVTTL" -to HEX2[7] -entity DE10_LITE_FULL was ignored
    Warning (20014): Assignment for entity set_instance_assignment -name IO_STANDARD "3.3-V LVTTL" -to HEX3[0] -entity DE10_LITE_FULL was ignored
    Warning (20014): Assignment for entity set_instance_assignment -name IO_STANDARD "3.3-V LVTTL" -to HEX3[1] -entity DE10_LITE_FULL was ignored
    Warning (20014): Assignment for entity set_instance_assignment -name IO_STANDARD "3.3-V LVTTL" -to HEX3[2] -entity DE10_LITE_FULL was ignored
    Warning (20014): Assignment for entity set_instance_assignment -name IO_STANDARD "3.3-V LVTTL" -to HEX3[3] -entity DE10_LITE_FULL was ignored
    Warning (20014): Assignment for entity set_instance_assignment -name IO_STANDARD "3.3-V LVTTL" -to HEX3[4] -entity DE10_LITE_FULL was ignored
    Warning (20014): Assignment for entity set_instance_assignment -name IO_STANDARD "3.3-V LVTTL" -to HEX3[5] -entity DE10_LITE_FULL was ignored
    Warning (20014): Assignment for entity set_instance_assignment -name IO_STANDARD "3.3-V LVTTL" -to HEX3[6] -entity DE10_LITE_FULL was ignored
    Warning (20014): Assignment for entity set_instance_assignment -name IO_STANDARD "3.3-V LVTTL" -to HEX3[7] -entity DE10_LITE_FULL was ignored
    Warning (20014): Assignment for entity set_instance_assignment -name IO_STANDARD "3.3-V LVTTL" -to HEX4[0] -entity DE10_LITE_FULL was ignored
    Warning (20014): Assignment for entity set_instance_assignment -name IO_STANDARD "3.3-V LVTTL" -to HEX4[1] -entity DE10_LITE_FULL was ignored
    Warning (20014): Assignment for entity set_instance_assignment -name IO_STANDARD "3.3-V LVTTL" -to HEX4[2] -entity DE10_LITE_FULL was ignored
    Warning (20014): Assignment for entity set_instance_assignment -name IO_STANDARD "3.3-V LVTTL" -to HEX4[3] -entity DE10_LITE_FULL was ignored
    Warning (20014): Assignment for entity set_instance_assignment -name IO_STANDARD "3.3-V LVTTL" -to HEX4[4] -entity DE10_LITE_FULL was ignored
    Warning (20014): Assignment for entity set_instance_assignment -name IO_STANDARD "3.3-V LVTTL" -to HEX4[5] -entity DE10_LITE_FULL was ignored
    Warning (20014): Assignment for entity set_instance_assignment -name IO_STANDARD "3.3-V LVTTL" -to HEX4[6] -entity DE10_LITE_FULL was ignored
    Warning (20014): Assignment for entity set_instance_assignment -name IO_STANDARD "3.3-V LVTTL" -to HEX4[7] -entity DE10_LITE_FULL was ignored
    Warning (20014): Assignment for entity set_instance_assignment -name IO_STANDARD "3.3-V LVTTL" -to HEX5[0] -entity DE10_LITE_FULL was ignored
    Warning (20014): Assignment for entity set_instance_assignment -name IO_STANDARD "3.3-V LVTTL" -to HEX5[1] -entity DE10_LITE_FULL was ignored
    Warning (20014): Assignment for entity set_instance_assignment -name IO_STANDARD "3.3-V LVTTL" -to HEX5[2] -entity DE10_LITE_FULL was ignored
    Warning (20014): Assignment for entity set_instance_assignment -name IO_STANDARD "3.3-V LVTTL" -to HEX5[3] -entity DE10_LITE_FULL was ignored
    Warning (20014): Assignment for entity set_instance_assignment -name IO_STANDARD "3.3-V LVTTL" -to HEX5[4] -entity DE10_LITE_FULL was ignored
    Warning (20014): Assignment for entity set_instance_assignment -name IO_STANDARD "3.3-V LVTTL" -to HEX5[5] -entity DE10_LITE_FULL was ignored
    Warning (20014): Assignment for entity set_instance_assignment -name IO_STANDARD "3.3-V LVTTL" -to HEX5[6] -entity DE10_LITE_FULL was ignored
    Warning (20014): Assignment for entity set_instance_assignment -name IO_STANDARD "3.3-V LVTTL" -to HEX5[7] -entity DE10_LITE_FULL was ignored
    Warning (20014): Assignment for entity set_instance_assignment -name IO_STANDARD "3.3 V SCHMITT TRIGGER" -to KEY[0] -entity DE10_LITE_FULL was ignored
    Warning (20014): Assignment for entity set_instance_assignment -name IO_STANDARD "3.3 V SCHMITT TRIGGER" -to KEY[1] -entity DE10_LITE_FULL was ignored
    Warning (20014): Assignment for entity set_instance_assignment -name IO_STANDARD "3.3-V LVTTL" -to LEDR[0] -entity DE10_LITE_FULL was ignored
    Warning (20014): Assignment for entity set_instance_assignment -name IO_STANDARD "3.3-V LVTTL" -to LEDR[1] -entity DE10_LITE_FULL was ignored
    Warning (20014): Assignment for entity set_instance_assignment -name IO_STANDARD "3.3-V LVTTL" -to LEDR[2] -entity DE10_LITE_FULL was ignored
    Warning (20014): Assignment for entity set_instance_assignment -name IO_STANDARD "3.3-V LVTTL" -to LEDR[3] -entity DE10_LITE_FULL was ignored
    Warning (20014): Assignment for entity set_instance_assignment -name IO_STANDARD "3.3-V LVTTL" -to LEDR[4] -entity DE10_LITE_FULL was ignored
    Warning (20014): Assignment for entity set_instance_assignment -name IO_STANDARD "3.3-V LVTTL" -to LEDR[5] -entity DE10_LITE_FULL was ignored
    Warning (20014): Assignment for entity set_instance_assignment -name IO_STANDARD "3.3-V LVTTL" -to LEDR[6] -entity DE10_LITE_FULL was ignored
    Warning (20014): Assignment for entity set_instance_assignment -name IO_STANDARD "3.3-V LVTTL" -to LEDR[7] -entity DE10_LITE_FULL was ignored
    Warning (20014): Assignment for entity set_instance_assignment -name IO_STANDARD "3.3-V LVTTL" -to LEDR[8] -entity DE10_LITE_FULL was ignored
    Warning (20014): Assignment for entity set_instance_assignment -name IO_STANDARD "3.3-V LVTTL" -to LEDR[9] -entity DE10_LITE_FULL was ignored
    Warning (20014): Assignment for entity set_instance_assignment -name IO_STANDARD "3.3-V LVTTL" -to MAX10_CLK1_50 -entity DE10_LITE_FULL was ignored
    Warning (20014): Assignment for entity set_instance_assignment -name IO_STANDARD "3.3-V LVTTL" -to MAX10_CLK2_50 -entity DE10_LITE_FULL was ignored
    Warning (20014): Assignment for entity set_instance_assignment -name IO_STANDARD "3.3-V LVTTL" -to SA_GPIO[0] -entity DE10_LITE_FULL was ignored
    Warning (20014): Assignment for entity set_instance_assignment -name IO_STANDARD "3.3-V LVTTL" -to SA_GPIO[10] -entity DE10_LITE_FULL was ignored
    Warning (20014): Assignment for entity set_instance_assignment -name IO_STANDARD "3.3-V LVTTL" -to SA_GPIO[11] -entity DE10_LITE_FULL was ignored
    Warning (20014): Assignment for entity set_instance_assignment -name IO_STANDARD "3.3-V LVTTL" -to SA_GPIO[12] -entity DE10_LITE_FULL was ignored
    Warning (20014): Assignment for entity set_instance_assignment -name IO_STANDARD "3.3-V LVTTL" -to SA_GPIO[13] -entity DE10_LITE_FULL was ignored
    Warning (20014): Assignment for entity set_instance_assignment -name IO_STANDARD "3.3-V LVTTL" -to SA_GPIO[14] -entity DE10_LITE_FULL was ignored
    Warning (20014): Assignment for entity set_instance_assignment -name IO_STANDARD "3.3-V LVTTL" -to SA_GPIO[15] -entity DE10_LITE_FULL was ignored
    Warning (20014): Assignment for entity set_instance_assignment -name IO_STANDARD "3.3-V LVTTL" -to SA_GPIO[16] -entity DE10_LITE_FULL was ignored
    Warning (20014): Assignment for entity set_instance_assignment -name IO_STANDARD "3.3-V LVTTL" -to SA_GPIO[17] -entity DE10_LITE_FULL was ignored
    Warning (20014): Assignment for entity set_instance_assignment -name IO_STANDARD "3.3-V LVTTL" -to SA_GPIO[18] -entity DE10_LITE_FULL was ignored
    Warning (20014): Assignment for entity set_instance_assignment -name IO_STANDARD "3.3-V LVTTL" -to SA_GPIO[19] -entity DE10_LITE_FULL was ignored
    Warning (20014): Assignment for entity set_instance_assignment -name IO_STANDARD "3.3-V LVTTL" -to SA_GPIO[1] -entity DE10_LITE_FULL was ignored
    Warning (20014): Assignment for entity set_instance_assignment -name IO_STANDARD "3.3-V LVTTL" -to SA_GPIO[20] -entity DE10_LITE_FULL was ignored
    Warning (20014): Assignment for entity set_instance_assignment -name IO_STANDARD "3.3-V LVTTL" -to SA_GPIO[21] -entity DE10_LITE_FULL was ignored
    Warning (20014): Assignment for entity set_instance_assignment -name IO_STANDARD "3.3-V LVTTL" -to SA_GPIO[22] -entity DE10_LITE_FULL was ignored
    Warning (20014): Assignment for entity set_instance_assignment -name IO_STANDARD "3.3-V LVTTL" -to SA_GPIO[23] -entity DE10_LITE_FULL was ignored
    Warning (20014): Assignment for entity set_instance_assignment -name IO_STANDARD "3.3-V LVTTL" -to SA_GPIO[24] -entity DE10_LITE_FULL was ignored
    Warning (20014): Assignment for entity set_instance_assignment -name IO_STANDARD "3.3-V LVTTL" -to SA_GPIO[25] -entity DE10_LITE_FULL was ignored
    Warning (20014): Assignment for entity set_instance_assignment -name IO_STANDARD "3.3-V LVTTL" -to SA_GPIO[26] -entity DE10_LITE_FULL was ignored
    Warning (20014): Assignment for entity set_instance_assignment -name IO_STANDARD "3.3-V LVTTL" -to SA_GPIO[27] -entity DE10_LITE_FULL was ignored
    Warning (20014): Assignment for entity set_instance_assignment -name IO_STANDARD "3.3-V LVTTL" -to SA_GPIO[28] -entity DE10_LITE_FULL was ignored
    Warning (20014): Assignment for entity set_instance_assignment -name IO_STANDARD "3.3-V LVTTL" -to SA_GPIO[29] -entity DE10_LITE_FULL was ignored
    Warning (20014): Assignment for entity set_instance_assignment -name IO_STANDARD "3.3-V LVTTL" -to SA_GPIO[2] -entity DE10_LITE_FULL was ignored
    Warning (20014): Assignment for entity set_instance_assignment -name IO_STANDARD "3.3-V LVTTL" -to SA_GPIO[30] -entity DE10_LITE_FULL was ignored
    Warning (20014): Assignment for entity set_instance_assignment -name IO_STANDARD "3.3-V LVTTL" -to SA_GPIO[31] -entity DE10_LITE_FULL was ignored
    Warning (20014): Assignment for entity set_instance_assignment -name IO_STANDARD "3.3-V LVTTL" -to SA_GPIO[32] -entity DE10_LITE_FULL was ignored
    Warning (20014): Assignment for entity set_instance_assignment -name IO_STANDARD "3.3-V LVTTL" -to SA_GPIO[33] -entity DE10_LITE_FULL was ignored
    Warning (20014): Assignment for entity set_instance_assignment -name IO_STANDARD "3.3-V LVTTL" -to SA_GPIO[34] -entity DE10_LITE_FULL was ignored
    Warning (20014): Assignment for entity set_instance_assignment -name IO_STANDARD "3.3-V LVTTL" -to SA_GPIO[35] -entity DE10_LITE_FULL was ignored
    Warning (20014): Assignment for entity set_instance_assignment -name IO_STANDARD "3.3-V LVTTL" -to SA_GPIO[3] -entity DE10_LITE_FULL was ignored
    Warning (20014): Assignment for entity set_instance_assignment -name IO_STANDARD "3.3-V LVTTL" -to SA_GPIO[4] -entity DE10_LITE_FULL was ignored
    Warning (20014): Assignment for entity set_instance_assignment -name IO_STANDARD "3.3-V LVTTL" -to SA_GPIO[5] -entity DE10_LITE_FULL was ignored
    Warning (20014): Assignment for entity set_instance_assignment -name IO_STANDARD "3.3-V LVTTL" -to SA_GPIO[6] -entity DE10_LITE_FULL was ignored
    Warning (20014): Assignment for entity set_instance_assignment -name IO_STANDARD "3.3-V LVTTL" -to SA_GPIO[7] -entity DE10_LITE_FULL was ignored
    Warning (20014): Assignment for entity set_instance_assignment -name IO_STANDARD "3.3-V LVTTL" -to SA_GPIO[8] -entity DE10_LITE_FULL was ignored
    Warning (20014): Assignment for entity set_instance_assignment -name IO_STANDARD "3.3-V LVTTL" -to SA_GPIO[9] -entity DE10_LITE_FULL was ignored
    Warning (20014): Assignment for entity set_instance_assignment -name IO_STANDARD "3.3-V LVTTL" -to SW[0] -entity DE10_LITE_FULL was ignored
    Warning (20014): Assignment for entity set_instance_assignment -name IO_STANDARD "3.3-V LVTTL" -to SW[1] -entity DE10_LITE_FULL was ignored
    Warning (20014): Assignment for entity set_instance_assignment -name IO_STANDARD "3.3-V LVTTL" -to SW[2] -entity DE10_LITE_FULL was ignored
    Warning (20014): Assignment for entity set_instance_assignment -name IO_STANDARD "3.3-V LVTTL" -to SW[3] -entity DE10_LITE_FULL was ignored
    Warning (20014): Assignment for entity set_instance_assignment -name IO_STANDARD "3.3-V LVTTL" -to SW[4] -entity DE10_LITE_FULL was ignored
    Warning (20014): Assignment for entity set_instance_assignment -name IO_STANDARD "3.3-V LVTTL" -to SW[5] -entity DE10_LITE_FULL was ignored
    Warning (20014): Assignment for entity set_instance_assignment -name IO_STANDARD "3.3-V LVTTL" -to SW[6] -entity DE10_LITE_FULL was ignored
    Warning (20014): Assignment for entity set_instance_assignment -name IO_STANDARD "3.3-V LVTTL" -to SW[7] -entity DE10_LITE_FULL was ignored
    Warning (20014): Assignment for entity set_instance_assignment -name IO_STANDARD "3.3-V LVTTL" -to SW[8] -entity DE10_LITE_FULL was ignored
    Warning (20014): Assignment for entity set_instance_assignment -name IO_STANDARD "3.3-V LVTTL" -to SW[9] -entity DE10_LITE_FULL was ignored
    Warning (20014): Assignment for entity set_instance_assignment -name IO_STANDARD "3.3-V LVTTL" -to VGA_B[0] -entity DE10_LITE_FULL was ignored
    Warning (20014): Assignment for entity set_instance_assignment -name IO_STANDARD "3.3-V LVTTL" -to VGA_B[1] -entity DE10_LITE_FULL was ignored
    Warning (20014): Assignment for entity set_instance_assignment -name IO_STANDARD "3.3-V LVTTL" -to VGA_B[2] -entity DE10_LITE_FULL was ignored
    Warning (20014): Assignment for entity set_instance_assignment -name IO_STANDARD "3.3-V LVTTL" -to VGA_B[3] -entity DE10_LITE_FULL was ignored
    Warning (20014): Assignment for entity set_instance_assignment -name IO_STANDARD "3.3-V LVTTL" -to VGA_G[0] -entity DE10_LITE_FULL was ignored
    Warning (20014): Assignment for entity set_instance_assignment -name IO_STANDARD "3.3-V LVTTL" -to VGA_G[1] -entity DE10_LITE_FULL was ignored
    Warning (20014): Assignment for entity set_instance_assignment -name IO_STANDARD "3.3-V LVTTL" -to VGA_G[2] -entity DE10_LITE_FULL was ignored
    Warning (20014): Assignment for entity set_instance_assignment -name IO_STANDARD "3.3-V LVTTL" -to VGA_G[3] -entity DE10_LITE_FULL was ignored
    Warning (20014): Assignment for entity set_instance_assignment -name IO_STANDARD "3.3-V LVTTL" -to VGA_HS -entity DE10_LITE_FULL was ignored
    Warning (20014): Assignment for entity set_instance_assignment -name IO_STANDARD "3.3-V LVTTL" -to VGA_R[0] -entity DE10_LITE_FULL was ignored
    Warning (20014): Assignment for entity set_instance_assignment -name IO_STANDARD "3.3-V LVTTL" -to VGA_R[1] -entity DE10_LITE_FULL was ignored
    Warning (20014): Assignment for entity set_instance_assignment -name IO_STANDARD "3.3-V LVTTL" -to VGA_R[2] -entity DE10_LITE_FULL was ignored
    Warning (20014): Assignment for entity set_instance_assignment -name IO_STANDARD "3.3-V LVTTL" -to VGA_R[3] -entity DE10_LITE_FULL was ignored
    Warning (20014): Assignment for entity set_instance_assignment -name IO_STANDARD "3.3-V LVTTL" -to VGA_VS -entity DE10_LITE_FULL was ignored
Info (16010): Generating hard_block partition "hard_block:auto_generated_inst"
    Info (16011): Adding 0 node(s), including 0 DDIO, 0 PLL, 0 transceiver and 0 LCELL
Warning (21074): Design contains 4 input pin(s) that do not drive logic
    Warning (15610): No output dependent on input pin "SW[6]" File: C:/Users/VITOR/Documents/Eng_Comp/4_semestre/Lab_Sistemas_digitais/Aulas/Exp11/DE10_LITE_FSM/src/DE10_LITE_FSM.vhd Line: 13
    Warning (15610): No output dependent on input pin "SW[7]" File: C:/Users/VITOR/Documents/Eng_Comp/4_semestre/Lab_Sistemas_digitais/Aulas/Exp11/DE10_LITE_FSM/src/DE10_LITE_FSM.vhd Line: 13
    Warning (15610): No output dependent on input pin "SW[8]" File: C:/Users/VITOR/Documents/Eng_Comp/4_semestre/Lab_Sistemas_digitais/Aulas/Exp11/DE10_LITE_FSM/src/DE10_LITE_FSM.vhd Line: 13
    Warning (15610): No output dependent on input pin "SW[9]" File: C:/Users/VITOR/Documents/Eng_Comp/4_semestre/Lab_Sistemas_digitais/Aulas/Exp11/DE10_LITE_FSM/src/DE10_LITE_FSM.vhd Line: 13
Info (21057): Implemented 119 device resources after synthesis - the final resource count might be different
    Info (21058): Implemented 12 input pins
    Info (21059): Implemented 50 output pins
    Info (21061): Implemented 57 logic cells
Info: Quartus Prime Analysis & Synthesis was successful. 0 errors, 236 warnings
    Info: Peak virtual memory: 4864 megabytes
    Info: Processing ended: Wed Dec 11 12:09:29 2024
    Info: Elapsed time: 00:00:07
    Info: Total CPU time (on all processors): 00:00:16


